
[19:49:01] Starting server...
[19:49:01] Acceptor running on port: 6667
[19:49:06] Connection joined: 127.0.0.1
[19:49:10] User Username:0 logged in.
[19:49:13] Connection reset
[19:49:13] User Username:0 logged out.
[19:49:13] Connection disconnected: 127.0.0.1
[19:49:39] Connection joined: 127.0.0.1
[19:49:39] Connection disconnected: 127.0.0.1
[19:49:51] Connection reset
[19:49:58] Connection joined: 127.0.0.1
[19:49:58] Connection disconnected: 127.0.0.1
[19:50:02] Average tick time since last autosave: 1ms.
[19:50:04] Connection reset
[19:50:05] Saved all users before going down.

[20:09:54] Starting server...
[20:09:54] Acceptor running on port: 6667
[20:09:58] Connection joined: 127.0.0.1
[20:09:58] User Clowbn:0 logged in.
[20:10:02] Connection reset
[20:10:02] java.net.SocketException: Connection reset by peer: socket write error
[20:10:02] 	at java.net.SocketOutputStream.socketWrite0(Native Method)
[20:10:02] 	at java.net.SocketOutputStream.socketWrite(Unknown Source)
[20:10:02] 	at java.net.SocketOutputStream.write(Unknown Source)
[20:10:02] 	at com.git.cs309.mmoserver.util.StreamUtils.writeBlockToStream(StreamUtils.java:62)
[20:10:02] 	at com.git.cs309.mmoserver.connection.AbstractConnection$1.run(AbstractConnection.java:28)
[20:10:02] User Clowbn:0 logged out.
[20:10:02] Connection disconnected: 127.0.0.1
[20:10:36] Connection joined: 127.0.0.1
[20:10:36] User Clowbn:1 logged in.
[20:10:42] java.lang.RuntimeException: Just a test.
[20:10:42] 	at com.git.cs309.mmoserver.packets.PacketHandler.handlePacket(PacketHandler.java:54)
[20:10:42] 	at com.git.cs309.mmoserver.connection.ConnectionManager.tickTask(ConnectionManager.java:178)
[20:10:42] 	at com.git.cs309.mmoserver.util.TickProcess.run(TickProcess.java:115)
[20:10:42] 	at java.lang.Thread.run(Unknown Source)
[20:10:48] Warning: Server is lagging behind desired tick time 5559ms.
[20:10:51] java.net.SocketException: Connection reset by peer: socket write error
[20:10:51] 	at java.net.SocketOutputStream.socketWrite0(Native Method)
[20:10:51] 	at java.net.SocketOutputStream.socketWrite(Unknown Source)
[20:10:51] 	at java.net.SocketOutputStream.write(Unknown Source)
[20:10:51] 	at com.git.cs309.mmoserver.util.StreamUtils.writeBlockToStream(StreamUtils.java:62)
[20:10:51] 	at com.git.cs309.mmoserver.connection.AbstractConnection$1.run(AbstractConnection.java:28)
[20:10:51] Connection reset
[20:10:51] User Clowbn:1 logged out.
[20:10:51] Connection disconnected: 127.0.0.1
[20:11:00] Average tick time since last autosave: 11ms.
[20:11:04] Saved 0 users in 0ms.

[20:14:08] Starting server...
[20:14:08] Acceptor running on port: 6667
[20:14:11] Connection joined: 127.0.0.1
[20:14:11] User Clowbn:0 logged in.
[20:14:16] java.net.SocketException: Connection reset by peer: socket write error
[20:14:16] 	at java.net.SocketOutputStream.socketWrite0(Native Method)
[20:14:16] 	at java.net.SocketOutputStream.socketWrite(Unknown Source)
[20:14:16] 	at java.net.SocketOutputStream.write(Unknown Source)
[20:14:16] 	at com.git.cs309.mmoserver.util.StreamUtils.writeBlockToStream(StreamUtils.java:62)
[20:14:16] 	at com.git.cs309.mmoserver.connection.AbstractConnection$1.run(AbstractConnection.java:28)
[20:14:16] Connection reset
[20:14:16] User Clowbn:0 logged out.
[20:14:16] Connection disconnected: 127.0.0.1
[20:15:08] Average tick time since last autosave: 1ms.
[20:15:10] Connection joined: 127.0.0.1
[20:15:10] User Clowbn:1 logged in.
[20:15:12] Saved 1 users in 0ms.
[20:15:14] java.net.SocketException: Connection reset by peer: socket write error
[20:15:14] 	at java.net.SocketOutputStream.socketWrite0(Native Method)
[20:15:14] 	at java.net.SocketOutputStream.socketWrite(Unknown Source)
[20:15:14] 	at java.net.SocketOutputStream.write(Unknown Source)
[20:15:14] 	at com.git.cs309.mmoserver.util.StreamUtils.writeBlockToStream(StreamUtils.java:62)
[20:15:14] 	at com.git.cs309.mmoserver.connection.AbstractConnection$1.run(AbstractConnection.java:28)
[20:15:14] Connection reset
[20:15:14] User Clowbn:1 logged out.
[20:15:14] Connection disconnected: 127.0.0.1
[20:16:08] Average tick time since last autosave: 1ms.
[20:16:12] Saved 0 users in 0ms.
[20:16:32] Saved all users before going down.

[20:52:16] Starting server...
[20:52:16] Acceptor running on port: 6667
[20:52:20] Connection joined: 127.0.0.1
[20:52:21] User Username:0 logged in.
[20:53:04] Connection reset
[20:53:04] User Username:0 logged out.
[20:53:04] Connection disconnected: 127.0.0.1

[20:53:09] Starting server...
[20:53:09] Acceptor running on port: 6667
[20:53:28] Connection joined: 127.0.0.1
[20:53:30] User Username:0 logged in.
[20:53:38] Connection reset
[20:53:38] User Username:0 logged out.
[20:53:38] Connection disconnected: 127.0.0.1
[20:54:09] Average tick time since last autosave: 1ms.
[20:54:20] Connection joined: 127.0.0.1
[20:54:21] User Username:1 logged in.
[20:54:30] Saved 1 users in 0ms.
[20:54:58] Connection reset
[20:54:58] User Username:1 logged out.
[20:54:58] Connection disconnected: 127.0.0.1

[20:56:02] Starting server...
[20:56:02] Acceptor running on port: 6667
[20:56:03] Connection joined: 127.0.0.1
[20:56:04] User Username:0 logged in.
[20:56:17] Connection reset
[20:56:17] User Username:0 logged out.
[20:56:17] Connection disconnected: 127.0.0.1
[20:56:19] Saved all users before going down.

[20:56:46] Starting server...
[20:56:46] Acceptor running on port: 6667
[20:56:48] Connection joined: 127.0.0.1
[20:56:49] User Username:0 logged in.
[20:56:51] Connection reset
[20:56:51] User Username:0 logged out.
[20:56:51] Connection disconnected: 127.0.0.1
[20:57:31] Connection joined: 127.0.0.1
[20:57:33] User Username:1 logged in.
[20:57:38] Connection reset
[20:57:38] User Username:1 logged out.
[20:57:38] Connection disconnected: 127.0.0.1
[20:57:46] Average tick time since last autosave: 1ms.
[20:57:50] Saved 0 users in 0ms.

[21:00:15] Starting server...
[21:00:15] Acceptor running on port: 6667

[21:00:17] Starting server...
[21:00:17] java.net.BindException: Address already in use: JVM_Bind
[21:00:17] 	at java.net.DualStackPlainSocketImpl.bind0(Native Method)
[21:00:17] 	at java.net.DualStackPlainSocketImpl.socketBind(Unknown Source)
[21:00:17] 	at java.net.AbstractPlainSocketImpl.bind(Unknown Source)
[21:00:17] 	at java.net.PlainSocketImpl.bind(Unknown Source)
[21:00:17] 	at java.net.ServerSocket.bind(Unknown Source)
[21:00:17] 	at java.net.ServerSocket.<init>(Unknown Source)
[21:00:17] 	at java.net.ServerSocket.<init>(Unknown Source)
[21:00:17] 	at com.git.cs309.mmoserver.connection.ConnectionAcceptor.run(ConnectionAcceptor.java:49)
[21:00:17] 	at java.lang.Thread.run(Unknown Source)
[21:00:17] Server going down...
[21:00:19] Connection joined: 127.0.0.1
[21:00:20] User Username:0 logged in.
[21:00:31] Saved all users before going down.
[21:00:38] Saved all users before going down.

[21:02:02] Starting server...
[21:02:02] Acceptor running on port: 6667
[21:02:03] Connection joined: 127.0.0.1
[21:02:04] User Username:0 logged in.
[21:02:50] Connection reset
[21:02:50] User Username:0 logged out.
[21:02:50] Connection disconnected: 127.0.0.1
[21:02:53] Saved all users before going down.
