
[15:12:11] Starting server...
[15:12:11] Acceptor running on port: 6667
[15:12:20] Connection joined: 127.0.0.1
[15:12:20] User Clowbn:0 logged in.
[15:12:25] java.lang.RuntimeException: Just a test.
[15:12:25] 	at com.git.cs309.mmoserver.packets.PacketHandler.handlePacket(PacketHandler.java:54)
[15:12:25] 	at com.git.cs309.mmoserver.connection.ConnectionManager.tickTask(ConnectionManager.java:178)
[15:12:25] 	at com.git.cs309.mmoserver.util.TickProcess.run(TickProcess.java:115)
[15:12:25] 	at java.lang.Thread.run(Unknown Source)
[15:12:29] Warning: Server is lagging behind desired tick time 3412ms.
[15:12:40] java.lang.RuntimeException: Just a test.
[15:12:40] 	at com.git.cs309.mmoserver.packets.PacketHandler.handlePacket(PacketHandler.java:54)
[15:12:40] 	at com.git.cs309.mmoserver.connection.ConnectionManager.tickTask(ConnectionManager.java:178)
[15:12:40] 	at com.git.cs309.mmoserver.util.TickProcess.run(TickProcess.java:115)
[15:12:40] 	at java.lang.Thread.run(Unknown Source)
[15:12:48] Warning: Server is lagging behind desired tick time 7160ms.
[15:13:01] java.lang.RuntimeException: Just a test.
[15:13:01] 	at com.git.cs309.mmoserver.packets.PacketHandler.handlePacket(PacketHandler.java:54)
[15:13:01] 	at com.git.cs309.mmoserver.connection.ConnectionManager.tickTask(ConnectionManager.java:178)
[15:13:01] 	at com.git.cs309.mmoserver.util.TickProcess.run(TickProcess.java:115)
[15:13:01] 	at java.lang.Thread.run(Unknown Source)
[15:13:21] Warning: Server is lagging behind desired tick time 19997ms.
[15:13:21] java.lang.RuntimeException: Just a test.
[15:13:21] 	at com.git.cs309.mmoserver.packets.PacketHandler.handlePacket(PacketHandler.java:54)
[15:13:21] 	at com.git.cs309.mmoserver.connection.ConnectionManager.tickTask(ConnectionManager.java:178)
[15:13:21] 	at com.git.cs309.mmoserver.util.TickProcess.run(TickProcess.java:115)
[15:13:21] 	at java.lang.Thread.run(Unknown Source)
[15:13:40] Warning: Server is lagging behind desired tick time 18112ms.
[15:13:42] java.lang.RuntimeException: Just a test.
[15:13:42] 	at com.git.cs309.mmoserver.packets.PacketHandler.handlePacket(PacketHandler.java:54)
[15:13:42] 	at com.git.cs309.mmoserver.connection.ConnectionManager.tickTask(ConnectionManager.java:178)
[15:13:42] 	at com.git.cs309.mmoserver.util.TickProcess.run(TickProcess.java:115)
[15:13:42] 	at java.lang.Thread.run(Unknown Source)
[15:13:48] Warning: Server is lagging behind desired tick time 6207ms.
[15:14:02] java.lang.RuntimeException: Just a test.
[15:14:02] 	at com.git.cs309.mmoserver.packets.PacketHandler.handlePacket(PacketHandler.java:54)
[15:14:02] 	at com.git.cs309.mmoserver.connection.ConnectionManager.tickTask(ConnectionManager.java:178)
[15:14:02] 	at com.git.cs309.mmoserver.util.TickProcess.run(TickProcess.java:115)
[15:14:02] 	at java.lang.Thread.run(Unknown Source)
[15:14:21] Warning: Server is lagging behind desired tick time 18656ms.
[15:14:25] Average tick time since last autosave: 125ms.
[15:14:28] java.lang.RuntimeException: Just a test.
[15:14:28] 	at com.git.cs309.mmoserver.packets.PacketHandler.handlePacket(PacketHandler.java:54)
[15:14:28] 	at com.git.cs309.mmoserver.connection.ConnectionManager.tickTask(ConnectionManager.java:178)
[15:14:28] 	at com.git.cs309.mmoserver.util.TickProcess.run(TickProcess.java:115)
[15:14:28] 	at java.lang.Thread.run(Unknown Source)
[15:16:21] Warning: Server is lagging behind desired tick time 112917ms.
[15:16:26] Saved 1 users in 0ms.
[15:16:35] java.lang.RuntimeException: Just a test.
[15:16:35] 	at com.git.cs309.mmoserver.packets.PacketHandler.handlePacket(PacketHandler.java:54)
[15:16:35] 	at com.git.cs309.mmoserver.connection.ConnectionManager.tickTask(ConnectionManager.java:178)
[15:16:35] 	at com.git.cs309.mmoserver.util.TickProcess.run(TickProcess.java:115)
[15:16:35] 	at java.lang.Thread.run(Unknown Source)
[15:55:17] Warning: Server is lagging behind desired tick time 2321807ms.
[15:55:18] java.lang.RuntimeException: Just a test.
[15:55:18] 	at com.git.cs309.mmoserver.packets.PacketHandler.handlePacket(PacketHandler.java:54)
[15:55:18] 	at com.git.cs309.mmoserver.connection.ConnectionManager.tickTask(ConnectionManager.java:178)
[15:55:18] 	at com.git.cs309.mmoserver.util.TickProcess.run(TickProcess.java:115)
[15:55:18] 	at java.lang.Thread.run(Unknown Source)
[15:55:20] Warning: Server is lagging behind desired tick time 1687ms.
[15:55:23] java.lang.RuntimeException: Just a test.
[15:55:23] 	at com.git.cs309.mmoserver.packets.PacketHandler.handlePacket(PacketHandler.java:54)
[15:55:23] 	at com.git.cs309.mmoserver.connection.ConnectionManager.tickTask(ConnectionManager.java:178)
[15:55:23] 	at com.git.cs309.mmoserver.util.TickProcess.run(TickProcess.java:115)
[15:55:23] 	at java.lang.Thread.run(Unknown Source)
[15:55:31] Saved all users before going down.
